
> @workspace/api-server@0.0.0 dev C:\Users\ultro\Downloads\Medical-Hub\artifacts\api-server
> pnpm run build && pnpm run start


> @workspace/api-server@0.0.0 build C:\Users\ultro\Downloads\Medical-Hub\artifacts\api-server
> node ./build.mjs


  dist\index.mjs                   1.4mb
  dist\pino-worker.mjs           153.4kb
  dist\pino-file.mjs             142.1kb
  dist\pino-pretty.mjs           114.6kb
  dist\thread-stream-worker.mjs    7.3kb
  ...and 5 more output files...

Done in 190ms

> @workspace/api-server@0.0.0 start C:\Users\ultro\Downloads\Medical-Hub\artifacts\api-server
> node --enable-source-maps ./dist/index.mjs

C:\Users\ultro\Downloads\Medical-Hub\artifacts\api-server\src\index.ts:7
  throw new Error(
        ^


Error: PORT environment variable is required but was not provided.
    at <anonymous> (C:\Users\ultro\Downloads\Medical-Hub\artifacts\api-server\src\index.ts:7:9)
    at ModuleJob.run (node:internal/modules/esm/module_job:345:25)
    at async onImport.tracePromise.__proto__ (node:internal/modules/esm/loader:651:26)
    at async asyncRunEntryPointWithESMLoader (node:internal/modules/run_main:117:5)

Node.js v22.19.0
 ELIFECYCLE  Command failed with exit code 1.
 ELIFECYCLE  Command failed with exit code 1.
