
> @workspace/hospital-website@0.0.0 build C:\Users\ultro\Downloads\Medical-Hub\artifacts\hospital-website
> vite build --config vite.config.ts

[36mvite v7.3.1 [32mbuilding client environment for production...[36m[39m
transforming...
[33msrc/components/ui/tooltip.tsx (2:0): Error when using sourcemap for reporting an error: Can't resolve original location of error.[39m
[33msrc/components/ui/label.tsx (2:0): Error when using sourcemap for reporting an error: Can't resolve original location of error.[39m
[33msrc/components/ui/progress.tsx (2:0): Error when using sourcemap for reporting an error: Can't resolve original location of error.[39m
[33msrc/components/ui/select.tsx (2:0): Error when using sourcemap for reporting an error: Can't resolve original location of error.[39m
[32m✓[39m 2234 modules transformed.
rendering chunks...
computing gzip size...
[2mdist/public/[22m[32mindex.html                 [39m[1m[2m  0.76 kB[22m[1m[22m[2m │ gzip:   0.43 kB[22m
[2mdist/public/[22m[35massets/index-DW9w6YPI.css  [39m[1m[2m120.05 kB[22m[1m[22m[2m │ gzip:  19.28 kB[22m
[2mdist/public/[22m[36massets/index-BfpLnyBV.js   [39m[1m[33m530.50 kB[39m[22m[2m │ gzip: 169.23 kB[22m
[33m
(!) Some chunks are larger than 500 kB after minification. Consider:
- Using dynamic import() to code-split the application
- Use build.rollupOptions.output.manualChunks to improve chunking: https://rollupjs.org/configuration-options/#output-manualchunks
- Adjust chunk size limit for this warning via build.chunkSizeWarningLimit.[39m
[32m✓ built in 12.97s[39m
